<?xml version="1.0" encoding="UTF-8"?>
<testng-results total="1" passed="1" failed="0" skipped="0">
  <reporter-output>
  </reporter-output>
  <suite started-at="2021-06-16T05:54:32Z" name="Default suite" finished-at="2021-06-16T05:54:36Z" duration-ms="3794">
    <groups>
    </groups>
    <test started-at="2021-06-16T05:54:32Z" name="Default test" finished-at="2021-06-16T05:54:36Z" duration-ms="3794">
      <class name="restAssuredTests.Demo_PostRequest">
        <test-method is-config="true" signature="postData()[pri:0, instance:restAssuredTests.Demo_PostRequest@b978d10]" started-at="2021-06-16T11:24:32Z" name="postData" finished-at="2021-06-16T11:24:33Z" duration-ms="693" status="PASS">
          <reporter-output>
          </reporter-output>
        </test-method> <!-- postData -->
        <test-method signature="testPostData()[pri:0, instance:restAssuredTests.Demo_PostRequest@b978d10]" started-at="2021-06-16T11:24:33Z" name="testPostData" finished-at="2021-06-16T11:24:36Z" duration-ms="3078" status="PASS">
          <reporter-output>
          </reporter-output>
        </test-method> <!-- testPostData -->
      </class> <!-- restAssuredTests.Demo_PostRequest -->
    </test> <!-- Default test -->
  </suite> <!-- Default suite -->
</testng-results>
